[imdhirajchouhan.webflow.io/index.html]
[backblue.gif]
[fade.gif]
[index.html]
[uploads-ssl.webflow.com/61c0d6ad107d31176a31c797/css/imdhirajchouhan.webflow.8b250c2a2.css]
[ajax.googleapis.com/ajax/libs/webfont/1.6.26/webfont.js]
[uploads-ssl.webflow.com/61c0d6ad107d31176a31c797/61c0d706129d8ff1a1e1d66c_dhiraj chouhan.png]
[uploads-ssl.webflow.com/61c0d6ad107d31176a31c797/61c0d74aff2e6ddff8f2f0a2_Dhiraj chouhan (1).png]
[uploads-ssl.webflow.com/61c0d6ad107d31176a31c797/61c1feca8b286899541e8cc7_Group 43.jpg]
[uploads-ssl.webflow.com/61c0d6ad107d31176a31c797/61c21381fdd84f8684ec383a_project 1 m.jpg]
[uploads-ssl.webflow.com/61c0d6ad107d31176a31c797/61c208525da113fc4f654e9f_project 1.jpg]
[uploads-ssl.webflow.com/61c0d6ad107d31176a31c797/61c20c8a6c31de7a492c2800_project 2.png]
[uploads-ssl.webflow.com/61c0d6ad107d31176a31c797/61c20dc006bee60e06911953_project 3.jpg]
[uploads-ssl.webflow.com/61c0d6ad107d31176a31c797/61c20e13229bd5acc99275c7_project 4.jpg]
[uploads-ssl.webflow.com/61c0d6ad107d31176a31c797/61c2138d2d84c07c4012acab_project 4 m.jpg]
[uploads-ssl.webflow.com/61c0d6ad107d31176a31c797/61c364221cdc38b3f01f83d6_Group 36.png]
[d3e54v103j8qbb.cloudfront.net/js/jquery-3.5.1.min.dc5e7f18c87870.js]
[imdhirajchouhan.webflow.io/index.html]
[uploads-ssl.webflow.com/61c0d6ad107d31176a31c797/css/imdhirajchouhan.webflow.8b250c2a2.css]
[uploads-ssl.webflow.com/61c0d6ad107d31176a31c797/js/webflow.b48ad9073.js]
